[09-May-2025 13:14:47 UTC] PHP Warning:  Undefined variable $horisontal in D:\xampp\htdocs\teachForUkr\wp-content\plugins\gutenberg-custom-blocks\build\blocks\ul-list-square\render.php on line 12
[09-May-2025 13:14:47 UTC] PHP Warning:  Trying to access array offset on value of type null in D:\xampp\htdocs\teachForUkr\wp-content\plugins\gutenberg-custom-blocks\build\blocks\ul-list-square\render.php on line 12
[09-May-2025 13:14:47 UTC] PHP Warning:  Undefined variable $horisontal in D:\xampp\htdocs\teachForUkr\wp-content\plugins\gutenberg-custom-blocks\build\blocks\ul-list-square\render.php on line 12
[09-May-2025 13:14:47 UTC] PHP Warning:  Trying to access array offset on value of type null in D:\xampp\htdocs\teachForUkr\wp-content\plugins\gutenberg-custom-blocks\build\blocks\ul-list-square\render.php on line 12
[09-May-2025 13:14:47 UTC] PHP Warning:  Undefined variable $horisontal in D:\xampp\htdocs\teachForUkr\wp-content\plugins\gutenberg-custom-blocks\build\blocks\ul-list-square\render.php on line 12
[09-May-2025 13:14:47 UTC] PHP Warning:  Trying to access array offset on value of type null in D:\xampp\htdocs\teachForUkr\wp-content\plugins\gutenberg-custom-blocks\build\blocks\ul-list-square\render.php on line 12
[09-May-2025 13:14:48 UTC] PHP Warning:  Undefined variable $horisontal in D:\xampp\htdocs\teachForUkr\wp-content\plugins\gutenberg-custom-blocks\build\blocks\ul-list-square\render.php on line 12
[09-May-2025 13:14:48 UTC] PHP Warning:  Trying to access array offset on value of type null in D:\xampp\htdocs\teachForUkr\wp-content\plugins\gutenberg-custom-blocks\build\blocks\ul-list-square\render.php on line 12
[09-May-2025 13:14:49 UTC] PHP Warning:  Undefined variable $horisontal in D:\xampp\htdocs\teachForUkr\wp-content\plugins\gutenberg-custom-blocks\build\blocks\ul-list-square\render.php on line 12
[09-May-2025 13:14:49 UTC] PHP Warning:  Trying to access array offset on value of type null in D:\xampp\htdocs\teachForUkr\wp-content\plugins\gutenberg-custom-blocks\build\blocks\ul-list-square\render.php on line 12
[09-May-2025 13:14:49 UTC] PHP Warning:  Undefined variable $horisontal in D:\xampp\htdocs\teachForUkr\wp-content\plugins\gutenberg-custom-blocks\build\blocks\ul-list-square\render.php on line 12
[09-May-2025 13:14:49 UTC] PHP Warning:  Trying to access array offset on value of type null in D:\xampp\htdocs\teachForUkr\wp-content\plugins\gutenberg-custom-blocks\build\blocks\ul-list-square\render.php on line 12
[09-May-2025 13:14:54 UTC] PHP Warning:  Undefined variable $horisontal in D:\xampp\htdocs\teachForUkr\wp-content\plugins\gutenberg-custom-blocks\build\blocks\ul-list-square\render.php on line 12
[09-May-2025 13:14:54 UTC] PHP Warning:  Trying to access array offset on value of type null in D:\xampp\htdocs\teachForUkr\wp-content\plugins\gutenberg-custom-blocks\build\blocks\ul-list-square\render.php on line 12
[09-May-2025 13:14:54 UTC] PHP Warning:  Undefined variable $horisontal in D:\xampp\htdocs\teachForUkr\wp-content\plugins\gutenberg-custom-blocks\build\blocks\ul-list-square\render.php on line 12
[09-May-2025 13:14:54 UTC] PHP Warning:  Trying to access array offset on value of type null in D:\xampp\htdocs\teachForUkr\wp-content\plugins\gutenberg-custom-blocks\build\blocks\ul-list-square\render.php on line 12
[09-May-2025 13:15:20 UTC] PHP Warning:  Undefined variable $horisontal in D:\xampp\htdocs\teachForUkr\wp-content\plugins\gutenberg-custom-blocks\build\blocks\ul-list-square\render.php on line 12
[09-May-2025 13:15:20 UTC] PHP Warning:  Trying to access array offset on value of type null in D:\xampp\htdocs\teachForUkr\wp-content\plugins\gutenberg-custom-blocks\build\blocks\ul-list-square\render.php on line 12
[09-May-2025 13:15:20 UTC] PHP Warning:  Undefined variable $horisontal in D:\xampp\htdocs\teachForUkr\wp-content\plugins\gutenberg-custom-blocks\build\blocks\ul-list-square\render.php on line 12
[09-May-2025 13:15:20 UTC] PHP Warning:  Trying to access array offset on value of type null in D:\xampp\htdocs\teachForUkr\wp-content\plugins\gutenberg-custom-blocks\build\blocks\ul-list-square\render.php on line 12
[12-May-2025 06:59:38 UTC] Automatic updates starting...
[12-May-2025 06:59:42 UTC]   Automatic plugin updates starting...
[12-May-2025 06:59:42 UTC]   Automatic plugin updates complete.
[12-May-2025 06:59:42 UTC] Automatic updates complete.
[12-May-2025 14:18:57 UTC] PHP Notice:  Функцію WP_Block_Type_Registry::register було викликано <strong>неправильно</strong>. Тип блока "t4u/article-slider" вже зареєстрований. Будь ласка, перегляньте <a href="https://developer.wordpress.org/advanced-administration/debug/debug-wordpress/">Виправлення помилок у WordPress</a> для більш детальної інформації. (Це повідомлення додане у версії 5.0.0.) in D:\xampp\htdocs\teachForUkr\wp-includes\functions.php on line 6121
[13-May-2025 07:02:25 UTC] Automatic updates starting...
[13-May-2025 07:02:28 UTC]   Automatic plugin updates starting...
[13-May-2025 07:02:28 UTC]   Automatic plugin updates complete.
[13-May-2025 07:02:28 UTC] Automatic updates complete.
[13-May-2025 07:40:10 UTC] PHP Notice:  Функцію WP_Block_Type_Registry::register було викликано <strong>неправильно</strong>. Тип блока "t4u/article-video" вже зареєстрований. Будь ласка, перегляньте <a href="https://developer.wordpress.org/advanced-administration/debug/debug-wordpress/">Виправлення помилок у WordPress</a> для більш детальної інформації. (Це повідомлення додане у версії 5.0.0.) in D:\xampp\htdocs\teachForUkr\wp-includes\functions.php on line 6121
[13-May-2025 07:40:11 UTC] PHP Notice:  Функцію WP_Block_Type_Registry::register було викликано <strong>неправильно</strong>. Тип блока "t4u/article-video" вже зареєстрований. Будь ласка, перегляньте <a href="https://developer.wordpress.org/advanced-administration/debug/debug-wordpress/">Виправлення помилок у WordPress</a> для більш детальної інформації. (Це повідомлення додане у версії 5.0.0.) in D:\xampp\htdocs\teachForUkr\wp-includes\functions.php on line 6121
[13-May-2025 07:44:12 UTC] PHP Notice:  Функцію WP_Block_Type_Registry::register було викликано <strong>неправильно</strong>. Тип блока "t4u/article-quote" вже зареєстрований. Будь ласка, перегляньте <a href="https://developer.wordpress.org/advanced-administration/debug/debug-wordpress/">Виправлення помилок у WordPress</a> для більш детальної інформації. (Це повідомлення додане у версії 5.0.0.) in D:\xampp\htdocs\teachForUkr\wp-includes\functions.php on line 6121
[13-May-2025 08:08:20 UTC] PHP Warning:  Undefined array key "margin" in D:\xampp\htdocs\teachForUkr\wp-content\plugins\gutenberg-custom-blocks\build\blocks\article-author\render.php on line 6
[13-May-2025 08:08:29 UTC] PHP Warning:  Undefined array key "margin" in D:\xampp\htdocs\teachForUkr\wp-content\plugins\gutenberg-custom-blocks\build\blocks\article-author\render.php on line 6
[13-May-2025 09:02:36 UTC] PHP Warning:  Undefined variable $img in D:\xampp\htdocs\teachForUkr\wp-content\plugins\gutenberg-custom-blocks\build\blocks\article-author\render.php on line 14
[13-May-2025 09:02:44 UTC] PHP Warning:  Undefined variable $img in D:\xampp\htdocs\teachForUkr\wp-content\plugins\gutenberg-custom-blocks\build\blocks\article-author\render.php on line 14
[13-May-2025 09:40:09 UTC] PHP Notice:  wp_json_file_decode(): Error when decoding a JSON file at path D:/xampp/htdocs/teachForUkr/wp-content/plugins/gutenberg-custom-blocks/build/sections/tabs/block.json: Syntax error in D:\xampp\htdocs\teachForUkr\wp-includes\functions.php on line 6121
[13-May-2025 13:21:22 UTC] PHP Notice:  wp_json_file_decode(): Error when decoding a JSON file at path D:/xampp/htdocs/teachForUkr/wp-content/plugins/gutenberg-custom-blocks/build/blocks/buttons-group/block.json: Syntax error in D:\xampp\htdocs\teachForUkr\wp-includes\functions.php on line 6121
[13-May-2025 13:56:01 UTC] PHP Warning:  unlink(D:\xampp\htdocs\teachForUkr/wp-content/uploads/2025/05/lev_5919-1-thumbnail.png): No such file or directory in D:\xampp\htdocs\teachForUkr\wp-content\themes\teachForUkraine\functions-parts\_convert_to_webp.php on line 39
[13-May-2025 13:56:01 UTC] PHP Warning:  unlink(D:\xampp\htdocs\teachForUkr/wp-content/uploads/2025/05/lev_5919-1-medium.png): No such file or directory in D:\xampp\htdocs\teachForUkr\wp-content\themes\teachForUkraine\functions-parts\_convert_to_webp.php on line 39
[13-May-2025 13:56:02 UTC] PHP Warning:  unlink(D:\xampp\htdocs\teachForUkr/wp-content/uploads/2025/05/lev_6306-1-thumbnail.png): No such file or directory in D:\xampp\htdocs\teachForUkr\wp-content\themes\teachForUkraine\functions-parts\_convert_to_webp.php on line 39
[13-May-2025 13:56:02 UTC] PHP Warning:  unlink(D:\xampp\htdocs\teachForUkr/wp-content/uploads/2025/05/lev_6306-1-medium.png): No such file or directory in D:\xampp\htdocs\teachForUkr\wp-content\themes\teachForUkraine\functions-parts\_convert_to_webp.php on line 39
[13-May-2025 13:56:04 UTC] PHP Warning:  unlink(D:\xampp\htdocs\teachForUkr/wp-content/uploads/2025/05/lev_6325-1-thumbnail.jpg): No such file or directory in D:\xampp\htdocs\teachForUkr\wp-content\themes\teachForUkraine\functions-parts\_convert_to_webp.php on line 39
[13-May-2025 13:56:04 UTC] PHP Warning:  unlink(D:\xampp\htdocs\teachForUkr/wp-content/uploads/2025/05/lev_6325-1-medium.jpg): No such file or directory in D:\xampp\htdocs\teachForUkr\wp-content\themes\teachForUkraine\functions-parts\_convert_to_webp.php on line 39
[13-May-2025 13:56:05 UTC] PHP Warning:  unlink(D:\xampp\htdocs\teachForUkr/wp-content/uploads/2025/05/lev_6962-1-thumbnail.png): No such file or directory in D:\xampp\htdocs\teachForUkr\wp-content\themes\teachForUkraine\functions-parts\_convert_to_webp.php on line 39
[13-May-2025 13:56:05 UTC] PHP Warning:  unlink(D:\xampp\htdocs\teachForUkr/wp-content/uploads/2025/05/lev_6962-1-medium.png): No such file or directory in D:\xampp\htdocs\teachForUkr\wp-content\themes\teachForUkraine\functions-parts\_convert_to_webp.php on line 39
[13-May-2025 13:56:06 UTC] PHP Warning:  unlink(D:\xampp\htdocs\teachForUkr/wp-content/uploads/2025/05/lev_7649-1-thumbnail.png): No such file or directory in D:\xampp\htdocs\teachForUkr\wp-content\themes\teachForUkraine\functions-parts\_convert_to_webp.php on line 39
[13-May-2025 13:56:07 UTC] PHP Warning:  unlink(D:\xampp\htdocs\teachForUkr/wp-content/uploads/2025/05/lev_7649-1-medium.png): No such file or directory in D:\xampp\htdocs\teachForUkr\wp-content\themes\teachForUkraine\functions-parts\_convert_to_webp.php on line 39
[13-May-2025 14:02:01 UTC] PHP Warning:  unlink(D:\xampp\htdocs\teachForUkr/wp-content/uploads/2025/05/lev_6306-1-thumbnail.jpg): No such file or directory in D:\xampp\htdocs\teachForUkr\wp-content\themes\teachForUkraine\functions-parts\_convert_to_webp.php on line 39
[13-May-2025 14:02:01 UTC] PHP Warning:  unlink(D:\xampp\htdocs\teachForUkr/wp-content/uploads/2025/05/lev_6306-1-medium.jpg): No such file or directory in D:\xampp\htdocs\teachForUkr\wp-content\themes\teachForUkraine\functions-parts\_convert_to_webp.php on line 39
[13-May-2025 14:02:02 UTC] PHP Warning:  unlink(D:\xampp\htdocs\teachForUkr/wp-content/uploads/2025/05/lev_6962-1-thumbnail.jpg): No such file or directory in D:\xampp\htdocs\teachForUkr\wp-content\themes\teachForUkraine\functions-parts\_convert_to_webp.php on line 39
[13-May-2025 14:02:02 UTC] PHP Warning:  unlink(D:\xampp\htdocs\teachForUkr/wp-content/uploads/2025/05/lev_6962-1-medium.jpg): No such file or directory in D:\xampp\htdocs\teachForUkr\wp-content\themes\teachForUkraine\functions-parts\_convert_to_webp.php on line 39
[13-May-2025 14:02:03 UTC] PHP Warning:  unlink(D:\xampp\htdocs\teachForUkr/wp-content/uploads/2025/05/lev_7649-1-thumbnail.jpg): No such file or directory in D:\xampp\htdocs\teachForUkr\wp-content\themes\teachForUkraine\functions-parts\_convert_to_webp.php on line 39
[13-May-2025 14:02:03 UTC] PHP Warning:  unlink(D:\xampp\htdocs\teachForUkr/wp-content/uploads/2025/05/lev_7649-1-medium.jpg): No such file or directory in D:\xampp\htdocs\teachForUkr\wp-content\themes\teachForUkraine\functions-parts\_convert_to_webp.php on line 39
[13-May-2025 14:22:32 UTC] PHP Warning:  unlink(D:\xampp\htdocs\teachForUkr/wp-content/uploads/2025/05/1-thumbnail.jpg): No such file or directory in D:\xampp\htdocs\teachForUkr\wp-content\themes\teachForUkraine\functions-parts\_convert_to_webp.php on line 39
[13-May-2025 14:22:32 UTC] PHP Warning:  unlink(D:\xampp\htdocs\teachForUkr/wp-content/uploads/2025/05/1-medium.jpg): No such file or directory in D:\xampp\htdocs\teachForUkr\wp-content\themes\teachForUkraine\functions-parts\_convert_to_webp.php on line 39
[13-May-2025 14:22:33 UTC] PHP Warning:  unlink(D:\xampp\htdocs\teachForUkr/wp-content/uploads/2025/05/2-thumbnail.png): No such file or directory in D:\xampp\htdocs\teachForUkr\wp-content\themes\teachForUkraine\functions-parts\_convert_to_webp.php on line 39
[13-May-2025 14:22:33 UTC] PHP Warning:  unlink(D:\xampp\htdocs\teachForUkr/wp-content/uploads/2025/05/2-medium.png): No such file or directory in D:\xampp\htdocs\teachForUkr\wp-content\themes\teachForUkraine\functions-parts\_convert_to_webp.php on line 39
[13-May-2025 14:22:34 UTC] PHP Warning:  unlink(D:\xampp\htdocs\teachForUkr/wp-content/uploads/2025/05/3-thumbnail.png): No such file or directory in D:\xampp\htdocs\teachForUkr\wp-content\themes\teachForUkraine\functions-parts\_convert_to_webp.php on line 39
[13-May-2025 14:22:34 UTC] PHP Warning:  unlink(D:\xampp\htdocs\teachForUkr/wp-content/uploads/2025/05/3-medium.png): No such file or directory in D:\xampp\htdocs\teachForUkr\wp-content\themes\teachForUkraine\functions-parts\_convert_to_webp.php on line 39
[13-May-2025 14:22:35 UTC] PHP Warning:  unlink(D:\xampp\htdocs\teachForUkr/wp-content/uploads/2025/05/4-thumbnail.jpg): No such file or directory in D:\xampp\htdocs\teachForUkr\wp-content\themes\teachForUkraine\functions-parts\_convert_to_webp.php on line 39
[13-May-2025 14:22:35 UTC] PHP Warning:  unlink(D:\xampp\htdocs\teachForUkr/wp-content/uploads/2025/05/4-medium.jpg): No such file or directory in D:\xampp\htdocs\teachForUkr\wp-content\themes\teachForUkraine\functions-parts\_convert_to_webp.php on line 39
[13-May-2025 14:22:37 UTC] PHP Warning:  unlink(D:\xampp\htdocs\teachForUkr/wp-content/uploads/2025/05/b7-thumbnail.png): No such file or directory in D:\xampp\htdocs\teachForUkr\wp-content\themes\teachForUkraine\functions-parts\_convert_to_webp.php on line 39
[13-May-2025 14:22:37 UTC] PHP Warning:  unlink(D:\xampp\htdocs\teachForUkr/wp-content/uploads/2025/05/b7-medium.png): No such file or directory in D:\xampp\htdocs\teachForUkr\wp-content\themes\teachForUkraine\functions-parts\_convert_to_webp.php on line 39
[13-May-2025 14:22:38 UTC] PHP Warning:  unlink(D:\xampp\htdocs\teachForUkr/wp-content/uploads/2025/05/dfd-thumbnail.jpg): No such file or directory in D:\xampp\htdocs\teachForUkr\wp-content\themes\teachForUkraine\functions-parts\_convert_to_webp.php on line 39
[13-May-2025 14:22:38 UTC] PHP Warning:  unlink(D:\xampp\htdocs\teachForUkr/wp-content/uploads/2025/05/dfd-medium.jpg): No such file or directory in D:\xampp\htdocs\teachForUkr\wp-content\themes\teachForUkraine\functions-parts\_convert_to_webp.php on line 39
[13-May-2025 14:22:40 UTC] PHP Warning:  unlink(D:\xampp\htdocs\teachForUkr/wp-content/uploads/2025/05/lev_5919-1-thumbnail.png): No such file or directory in D:\xampp\htdocs\teachForUkr\wp-content\themes\teachForUkraine\functions-parts\_convert_to_webp.php on line 39
[13-May-2025 14:22:40 UTC] PHP Warning:  unlink(D:\xampp\htdocs\teachForUkr/wp-content/uploads/2025/05/lev_5919-1-medium.png): No such file or directory in D:\xampp\htdocs\teachForUkr\wp-content\themes\teachForUkraine\functions-parts\_convert_to_webp.php on line 39
[13-May-2025 14:22:42 UTC] PHP Warning:  unlink(D:\xampp\htdocs\teachForUkr/wp-content/uploads/2025/05/lev_6325-1-thumbnail.jpg): No such file or directory in D:\xampp\htdocs\teachForUkr\wp-content\themes\teachForUkraine\functions-parts\_convert_to_webp.php on line 39
[13-May-2025 14:22:42 UTC] PHP Warning:  unlink(D:\xampp\htdocs\teachForUkr/wp-content/uploads/2025/05/lev_6325-1-medium.jpg): No such file or directory in D:\xampp\htdocs\teachForUkr\wp-content\themes\teachForUkraine\functions-parts\_convert_to_webp.php on line 39
[13-May-2025 14:55:13 UTC] PHP Warning:  unlink(D:\xampp\htdocs\teachForUkr/wp-content/uploads/2025/05/lev_5843-1-thumbnail.png): No such file or directory in D:\xampp\htdocs\teachForUkr\wp-content\themes\teachForUkraine\functions-parts\_convert_to_webp.php on line 39
[13-May-2025 14:55:13 UTC] PHP Warning:  unlink(D:\xampp\htdocs\teachForUkr/wp-content/uploads/2025/05/lev_5843-1-medium.png): No such file or directory in D:\xampp\htdocs\teachForUkr\wp-content\themes\teachForUkraine\functions-parts\_convert_to_webp.php on line 39
[13-May-2025 14:55:27 UTC] PHP Warning:  unlink(D:\xampp\htdocs\teachForUkr/wp-content/uploads/2025/05/lev_6280-1-thumbnail.png): No such file or directory in D:\xampp\htdocs\teachForUkr\wp-content\themes\teachForUkraine\functions-parts\_convert_to_webp.php on line 39
[13-May-2025 14:55:27 UTC] PHP Warning:  unlink(D:\xampp\htdocs\teachForUkr/wp-content/uploads/2025/05/lev_6280-1-medium.png): No such file or directory in D:\xampp\htdocs\teachForUkr\wp-content\themes\teachForUkraine\functions-parts\_convert_to_webp.php on line 39
[13-May-2025 15:05:56 UTC] PHP Warning:  unlink(D:\xampp\htdocs\teachForUkr/wp-content/uploads/2025/05/dsc_2079-1-thumbnail.png): No such file or directory in D:\xampp\htdocs\teachForUkr\wp-content\themes\teachForUkraine\functions-parts\_convert_to_webp.php on line 39
[13-May-2025 15:05:56 UTC] PHP Warning:  unlink(D:\xampp\htdocs\teachForUkr/wp-content/uploads/2025/05/dsc_2079-1-medium.png): No such file or directory in D:\xampp\htdocs\teachForUkr\wp-content\themes\teachForUkraine\functions-parts\_convert_to_webp.php on line 39
[13-May-2025 15:09:30 UTC] Automatic updates starting...
[13-May-2025 15:09:31 UTC] Automatic updates complete.
[13-May-2025 15:10:03 UTC] PHP Warning:  unlink(D:\xampp\htdocs\teachForUkr/wp-content/uploads/2025/05/lev_5952-1-thumbnail.png): No such file or directory in D:\xampp\htdocs\teachForUkr\wp-content\themes\teachForUkraine\functions-parts\_convert_to_webp.php on line 39
[13-May-2025 15:10:03 UTC] PHP Warning:  unlink(D:\xampp\htdocs\teachForUkr/wp-content/uploads/2025/05/lev_5952-1-medium.png): No such file or directory in D:\xampp\htdocs\teachForUkr\wp-content\themes\teachForUkraine\functions-parts\_convert_to_webp.php on line 39
[13-May-2025 15:17:16 UTC] PHP Warning:  unlink(D:\xampp\htdocs\teachForUkr/wp-content/uploads/2025/05/lev_591kkk9-1-thumbnail.png): No such file or directory in D:\xampp\htdocs\teachForUkr\wp-content\themes\teachForUkraine\functions-parts\_convert_to_webp.php on line 39
[13-May-2025 15:17:16 UTC] PHP Warning:  unlink(D:\xampp\htdocs\teachForUkr/wp-content/uploads/2025/05/lev_591kkk9-1-medium.png): No such file or directory in D:\xampp\htdocs\teachForUkr\wp-content\themes\teachForUkraine\functions-parts\_convert_to_webp.php on line 39
[13-May-2025 15:26:01 UTC] PHP Warning:  unlink(D:\xampp\htdocs\teachForUkr/wp-content/uploads/2025/05/lev_6325-1-thumbnail.png): No such file or directory in D:\xampp\htdocs\teachForUkr\wp-content\themes\teachForUkraine\functions-parts\_convert_to_webp.php on line 39
[13-May-2025 15:26:01 UTC] PHP Warning:  unlink(D:\xampp\htdocs\teachForUkr/wp-content/uploads/2025/05/lev_6325-1-medium.png): No such file or directory in D:\xampp\htdocs\teachForUkr\wp-content\themes\teachForUkraine\functions-parts\_convert_to_webp.php on line 39
[13-May-2025 15:33:49 UTC] PHP Warning:  unlink(D:\xampp\htdocs\teachForUkr/wp-content/uploads/2025/05/lev_6256-1-thumbnail.png): No such file or directory in D:\xampp\htdocs\teachForUkr\wp-content\themes\teachForUkraine\functions-parts\_convert_to_webp.php on line 39
[13-May-2025 15:33:49 UTC] PHP Warning:  unlink(D:\xampp\htdocs\teachForUkr/wp-content/uploads/2025/05/lev_6256-1-medium.png): No such file or directory in D:\xampp\htdocs\teachForUkr\wp-content\themes\teachForUkraine\functions-parts\_convert_to_webp.php on line 39
[13-May-2025 15:43:36 UTC] PHP Warning:  unlink(D:\xampp\htdocs\teachForUkr/wp-content/uploads/2025/05/lev_4695-1-thumbnail.png): No such file or directory in D:\xampp\htdocs\teachForUkr\wp-content\themes\teachForUkraine\functions-parts\_convert_to_webp.php on line 39
[13-May-2025 15:43:36 UTC] PHP Warning:  unlink(D:\xampp\htdocs\teachForUkr/wp-content/uploads/2025/05/lev_4695-1-medium.png): No such file or directory in D:\xampp\htdocs\teachForUkr\wp-content\themes\teachForUkraine\functions-parts\_convert_to_webp.php on line 39
[13-May-2025 15:43:37 UTC] PHP Warning:  unlink(D:\xampp\htdocs\teachForUkr/wp-content/uploads/2025/05/lev_3805-1-thumbnail.png): No such file or directory in D:\xampp\htdocs\teachForUkr\wp-content\themes\teachForUkraine\functions-parts\_convert_to_webp.php on line 39
[13-May-2025 15:43:37 UTC] PHP Warning:  unlink(D:\xampp\htdocs\teachForUkr/wp-content/uploads/2025/05/lev_3805-1-medium.png): No such file or directory in D:\xampp\htdocs\teachForUkr\wp-content\themes\teachForUkraine\functions-parts\_convert_to_webp.php on line 39
